GET /mypage/editinte 302 66 - 3.589 ms
GET /user/login 200 2582 - 6.917 ms
POST /user/login 302 76 - 107.938 ms
GET /mypage/editinte 200 4794 - 68.695 ms
GET /mypage/data_list 304 - - 12.536 ms
GET /mypage/reg_svr_list 304 - - 116.448 ms
GET /mypage/svr_list 304 - - 16.562 ms
GET /mypage/editdata_list 304 - - 65.962 ms
GET /mypage/reg_data 304 - - 21.813 ms
GET /mypage/data_list 304 - - 20.742 ms
GET /mypage/reg_svc 304 - - 14.410 ms
GET /mypage/svc_list 304 - - 16.303 ms
GET /mypage/reg_data 304 - - 15.616 ms
GET /mypage/data_list 304 - - 14.226 ms
GET /mypage/reg_svr 304 - - 16.533 ms
GET /mypage/svr_list 304 - - 11.382 ms
GET /mypage/reg_svc 304 - - 15.000 ms
GET /mypage/svc_list 304 - - 18.513 ms
GET /mypage/reg_data 304 - - 7.451 ms
GET /mypage/data_list 304 - - 7.631 ms
GET /mypage/reg_svr 304 - - 12.794 ms
GET /mypage/svr_list 304 - - 14.940 ms
GET /mypage/editinte 304 - - 16.046 ms
GET /mypage/data_list 304 - - 9.610 ms
GET /mypage/reg_data 304 - - 14.973 ms
GET /mypage/data_list 304 - - 13.118 ms
GET /mypage/reg_svr 304 - - 17.093 ms
GET /mypage/svr_list 304 - - 15.325 ms
GET /mypage/reg_data 304 - - 6.800 ms
GET /mypage/data_list 304 - - 16.848 ms
GET /mypage/reg_svc 304 - - 15.569 ms
GET /mypage/svc_list 304 - - 15.837 ms
GET /mypage/reg_data 304 - - 15.820 ms
GET /mypage/data_list 304 - - 15.534 ms
GET /mypage/reg_svc 304 - - 18.312 ms
GET /mypage/svc_list 304 - - 20.414 ms
GET /mypage/reg_data 304 - - 14.347 ms
GET /mypage/data_list 304 - - 17.778 ms
GET /mypage/reg_svr 302 33 - 4.089 ms
GET /user/login 200 2582 - 3.913 ms
GET /mypage/editdata_list 302 66 - 2.131 ms
GET /user/login 304 - - 3.728 ms
POST /user/login 302 86 - 93.329 ms
GET /mypage/editdata_list 200 11256 - 36.909 ms
GET /mypage/reg_svr 200 574 - 17.376 ms
GET /mypage/svc_list 304 - - 16.705 ms
GET /mypage/reg_svr 304 - - 19.438 ms
GET /mypage/svc_list 304 - - 17.631 ms
GET /mypage/reg_svr 304 - - 18.021 ms
GET /mypage/svc_list 304 - - 14.004 ms
GET /mypage/reg_data 304 - - 20.566 ms
GET /mypage/data_list 304 - - 16.133 ms
GET /mypage/reg_svr 304 - - 13.693 ms
GET /mypage/svc_list 304 - - 17.525 ms
GET /mypage/reg_data 304 - - 17.948 ms
GET /mypage/data_list 304 - - 16.776 ms
GET /mypage/reg_svr 304 - - 15.206 ms
GET /mypage/svc_list 304 - - 28.793 ms
GET /mypage/editdata_list 200 11280 - 50.894 ms
GET /mypage/reg_svr 304 - - 17.874 ms
GET /mypage/svr_list 304 - - 18.733 ms
GET /mypage/reg_svc 304 - - 14.470 ms
GET /mypage/svc_list 304 - - 14.818 ms
GET /mypage/reg_svr 304 - - 18.520 ms
GET /mypage/svr_list 304 - - 11.232 ms
GET /mypage/reg_data 304 - - 16.486 ms
GET /mypage/data_list 304 - - 15.843 ms
GET /mypage/reg_svc 304 - - 13.162 ms
GET /mypage/svc_list 304 - - 15.140 ms
GET /mypage/reg_svr 304 - - 13.570 ms
GET /mypage/svr_list 304 - - 16.902 ms
GET /mypage/editdata_list 304 - - 36.718 ms
GET /mypage/reg_svr 304 - - 16.988 ms
GET /mypage/svr_list 304 - - 16.944 ms
GET /user/logout 302 54 - 0.945 ms
GET /main 200 7377 - 8.256 ms
GET /user/login 200 2582 - 1.074 ms
POST /user/login 302 54 - 106.135 ms
GET /main 200 8376 - 6.222 ms
GET /mypage/editdata_list 304 - - 30.219 ms
GET /mypage/reg_svr 304 - - 28.013 ms
GET /mypage/svr_list 304 - - 13.589 ms
GET /mypage/reg_svr 302 33 - 2.007 ms
GET /user/login 200 2582 - 4.001 ms
GET /mypage/editdata_list 302 66 - 2.380 ms
GET /user/login 304 - - 4.127 ms
POST /user/login 302 86 - 105.827 ms
GET /mypage/editdata_list 200 11280 - 37.913 ms
GET /mypage/reg_data 304 - - 18.265 ms
GET /mypage/data_list 304 - - 31.196 ms
GET /mypage/reg_svr 200 574 - 15.406 ms
GET /mypage/svr_list 304 - - 31.742 ms
GET /mypage/editdata_list 302 66 - 2.838 ms
GET /user/login 200 2582 - 3.811 ms
POST /user/login 302 86 - 113.382 ms
GET /mypage/editdata_list 200 11280 - 37.359 ms
GET /mypage/reg_svr 302 33 - 2.483 ms
GET /user/login 200 2582 - 4.644 ms
GET /mypage/svr_list 302 33 - 1.002 ms
GET /user/login 304 - - 2.022 ms
GET /mypage/reg_data 302 33 - 0.577 ms
GET /user/login 304 - - 1.278 ms
GET /mypage/data_list 302 33 - 0.754 ms
GET /user/login 304 - - 0.856 ms
GET /mypage/reg_svr 302 33 - 0.352 ms
GET /user/login 304 - - 0.778 ms
GET /mypage/svr_list 302 33 - 0.357 ms
GET /user/login 304 - - 0.889 ms
GET /mypage/reg_svr 302 33 - 0.299 ms
GET /user/login 304 - - 0.785 ms
GET /mypage/svr_list 302 33 - 0.259 ms
GET /user/login 304 - - 1.196 ms
GET /mypage/reg_svr 302 33 - 0.462 ms
GET /user/login 304 - - 0.818 ms
GET /mypage/svr_list 302 33 - 0.368 ms
GET /user/login 304 - - 0.974 ms
GET /mypage/reg_svr 302 33 - 0.391 ms
GET /user/login 304 - - 0.716 ms
GET /mypage/svr_list 302 33 - 0.233 ms
GET /user/login 304 - - 0.756 ms
GET /mypage/reg_svr 302 33 - 0.368 ms
GET /user/login 304 - - 0.851 ms
GET /mypage/svr_list 302 33 - 0.327 ms
GET /user/login 304 - - 1.405 ms
GET /mypage/reg_svr 302 33 - 1.828 ms
GET /user/login 304 - - 3.247 ms
GET /mypage/svr_list 302 33 - 1.090 ms
GET /user/login 304 - - 1.412 ms
GET /mypage/reg_svr 302 33 - 0.413 ms
GET /user/login 304 - - 0.724 ms
GET /mypage/svr_list 302 33 - 0.760 ms
GET /user/login 304 - - 0.896 ms
GET /mypage/reg_svr 302 33 - 0.589 ms
GET /user/login 304 - - 0.732 ms
GET /mypage/svr_list 302 33 - 0.251 ms
GET /user/login 304 - - 0.968 ms
GET /mypage/reg_svr 302 33 - 0.278 ms
GET /user/login 304 - - 0.766 ms
GET /mypage/svr_list 302 33 - 0.215 ms
GET /user/login 304 - - 0.785 ms
GET /main 200 7377 - 3.821 ms
GET /user/login 304 - - 1.037 ms
POST /user/login 302 76 - 93.237 ms
GET /mypage/svr_list 200 338 - 65.516 ms
POST /user/login 302 76 - 100.680 ms
GET /mypage/svr_list 304 - - 51.777 ms
GET /user/login 200 2582 - 4.126 ms
POST /user/login 302 54 - 98.508 ms
GET /main 200 8376 - 3.648 ms
GET /mypage/editdata_list 200 11259 - 29.385 ms
GET /mypage/reg_svr 200 574 - 14.446 ms
GET /mypage/svr_list 304 - - 40.933 ms
GET /mypage/reg_svr 302 33 - 2.091 ms
GET /user/login 200 2582 - 3.275 ms
GET /mypage/svr_list 302 33 - 1.236 ms
GET /user/login 304 - - 1.262 ms
GET /main 200 7377 - 3.511 ms
GET /user/login 304 - - 0.733 ms
POST /user/login 302 76 - 140.832 ms
GET /mypage/svr_list 200 338 - 48.884 ms
GET /main 200 8376 - 2.266 ms
GET /main 200 7377 - 4.733 ms
GET /user/login 200 2582 - 1.179 ms
POST /user/login 302 54 - 102.915 ms
GET /main 200 8376 - 2.212 ms
GET /mypage/editdata_list 304 - - 34.055 ms
GET /mypage/reg_svr 200 574 - 52.041 ms
GET /mypage/svr_list 304 - - 31.612 ms
GET /mypage/editdata_list 302 66 - 4.500 ms
GET /user/login 200 2582 - 3.821 ms
POST /user/login 302 86 - 126.854 ms
GET /mypage/editdata_list 200 11259 - 35.672 ms
GET /mypage/reg_svr 304 - - 22.950 ms
GET /mypage/svr_list 304 - - 29.278 ms
GET /mypage/editdata_list 302 66 - 2.672 ms
GET /user/login 200 2582 - 3.301 ms
POST /user/login 302 86 - 92.159 ms
GET /mypage/editdata_list 200 11259 - 50.910 ms
GET /mypage/reg_svr 304 - - 14.976 ms
GET /mypage/svr_list 304 - - 28.243 ms
GET /mypage/editdata_list 302 66 - 2.069 ms
GET /user/login 200 2582 - 3.279 ms
POST /user/login 302 86 - 134.328 ms
GET /mypage/editdata_list 200 11259 - 39.838 ms
GET /mypage/reg_svr 304 - - 14.875 ms
GET /mypage/svr_list 304 - - 39.121 ms
GET /mypage/editdata_list 304 - - 38.949 ms
GET /mypage/reg_svr 304 - - 18.581 ms
GET /mypage/svr_list 304 - - 29.091 ms
GET /mypage/editdata_list 302 66 - 2.353 ms
GET /user/login 200 2582 - 3.421 ms
POST /user/login 302 86 - 115.127 ms
GET /mypage/editdata_list 200 11259 - 48.980 ms
GET /mypage/reg_svr 304 - - 19.502 ms
GET /mypage/svr_list 304 - - 40.419 ms
GET /mypage/editdata_list 304 - - 61.173 ms
GET /mypage/reg_svr 304 - - 28.507 ms
GET /mypage/svr_list 304 - - 52.718 ms
GET /mypage/reg_svc 304 - - 15.386 ms
GET /mypage/svc_list 304 - - 35.674 ms
GET /mypage/reg_svr 304 - - 13.938 ms
GET /mypage/svr_list 304 - - 26.640 ms
GET /mypage/reg_data 200 662 - 14.374 ms
GET /mypage/data_list 200 3110 - 23.484 ms
GET /mypage/reg_svc 304 - - 14.825 ms
GET /mypage/svc_list 304 - - 13.347 ms
GET /mypage/reg_svr 304 - - 13.508 ms
GET /mypage/svr_list 304 - - 29.714 ms
GET /mypage/editdata_list 304 - - 35.249 ms
GET /mypage/reg_svr 304 - - 22.954 ms
GET /mypage/svr_list 304 - - 31.038 ms
GET /mypage/reg_data 304 - - 29.905 ms
GET /mypage/data_list 304 - - 27.879 ms
GET /mypage/reg_svc 304 - - 27.468 ms
GET /mypage/svc_list 304 - - 37.044 ms
GET /mypage/reg_svr 304 - - 19.389 ms
GET /mypage/svr_list 304 - - 58.657 ms
GET /mypage/editdata_list 304 - - 41.770 ms
GET /mypage/editdata_list 200 11243 - 38.522 ms
GET /mypage/reg_svc 304 - - 15.467 ms
GET /mypage/editdata_list 304 - - 32.590 ms
GET /mypage/svc_list - - - - ms
GET /mypage/reg_svc 304 - - 23.298 ms
GET /mypage/editdata_list 304 - - 38.346 ms
GET /mypage/svc_list - - - - ms
GET /mypage/reg_svc 304 - - 8.200 ms
GET /mypage/editdata_list 304 - - 13.405 ms
GET /mypage/svc_list - - - - ms
GET /mypage/reg_svc 304 - - 8.215 ms
GET /mypage/editdata_list 304 - - 16.551 ms
GET /mypage/svc_list - - - - ms
GET /mypage/reg_svc 304 - - 6.690 ms
GET /mypage/editdata_list 304 - - 17.456 ms
GET /mypage/svc_list - - - - ms
GET /mypage/reg_svc 304 - - 10.069 ms
GET /mypage/editdata_list 304 - - 12.880 ms
GET /mypage/svc_list - - - - ms
GET /mypage/reg_svc 304 - - 13.958 ms
GET /mypage/editdata_list 304 - - 23.046 ms
GET /mypage/svc_list - - - - ms
GET /mypage/reg_svc 304 - - 15.873 ms
GET /mypage/editdata_list 304 - - 35.864 ms
GET /mypage/svc_list - - - - ms
GET /mypage/reg_svc 304 - - 7.713 ms
GET /mypage/editdata_list 304 - - 13.650 ms
GET /mypage/svc_list - - - - ms
GET /mypage/reg_svc 304 - - 6.496 ms
GET /mypage/editdata_list 304 - - 15.587 ms
GET /mypage/svc_list - - - - ms
GET /mypage/reg_svc 304 - - 8.973 ms
GET /mypage/editdata_list 304 - - 17.388 ms
GET /mypage/svc_list - - - - ms
GET /mypage/reg_svc 304 - - 5.886 ms
GET /mypage/editdata_list 304 - - 17.940 ms
GET /mypage/svc_list - - - - ms
GET /mypage/reg_svc 304 - - 24.728 ms
GET /mypage/editdata_list 304 - - 32.496 ms
GET /mypage/svc_list - - - - ms
GET /mypage/reg_data 304 - - 12.890 ms
GET /mypage/editdata_list 304 - - 44.771 ms
GET /mypage/data_list - - - - ms
GET /mypage/reg_data 304 - - 14.507 ms
GET /mypage/editdata_list 304 - - 24.504 ms
GET /mypage/data_list - - - - ms
GET /mypage/reg_data 304 - - 6.741 ms
GET /mypage/editdata_list 304 - - 19.162 ms
GET /mypage/data_list - - - - ms
GET /mypage/reg_data 304 - - 8.802 ms
GET /mypage/editdata_list 304 - - 15.140 ms
GET /mypage/data_list - - - - ms
GET /mypage/reg_data 304 - - 8.617 ms
GET /mypage/editdata_list 304 - - 16.182 ms
GET /mypage/data_list - - - - ms
GET /mypage/reg_data 304 - - 7.936 ms
GET /mypage/editdata_list 304 - - 16.473 ms
GET /mypage/data_list - - - - ms
GET /mypage/reg_svr 304 - - 8.284 ms
GET /mypage/editdata_list 304 - - 15.332 ms
GET /mypage/svr_list - - - - ms
GET /mypage/editinte 304 - - 32.049 ms
GET /mypage/data_list 200 3110 - 13.069 ms
GET /mypage/editinte 304 - - 21.123 ms
GET /mypage/data_list 304 - - 14.179 ms
GET /mypage/reg_svc_list 200 3854 - 33.539 ms
GET /mypage/reg_svc 304 - - 19.110 ms
GET /mypage/editdata_list 304 - - 32.192 ms
GET /mypage/svc_list - - - - ms
GET /mypage/reg_svc 304 - - 16.344 ms
GET /mypage/editdata_list 200 11259 - 30.329 ms
GET /mypage/svc_list 200 2 - 13.444 ms
GET /mypage/editdata_list 304 - - 38.243 ms
GET /mypage/reg_data 304 - - 16.432 ms
GET /mypage/data_list 304 - - 51.834 ms
GET /mypage/reg_svr 304 - - 17.882 ms
GET /mypage/svr_list 200 338 - 38.355 ms
GET /mypage/editdata_list 302 66 - 2.784 ms
GET /user/login 200 2582 - 4.106 ms
POST /user/login 302 86 - 94.815 ms
GET /mypage/editdata_list 200 11259 - 73.432 ms
GET /mypage/reg_svr 304 - - 14.959 ms
GET /mypage/svr_list 304 - - 47.915 ms
GET /mypage/editdata_list 304 - - 28.954 ms
GET /user/logout 302 54 - 0.839 ms
GET /main 200 7377 - 1.803 ms
GET /user/login 200 2582 - 1.485 ms
POST /user/login 302 54 - 109.610 ms
GET /main 200 8376 - 3.620 ms
GET /mypage/editdata_list 304 - - 49.395 ms
GET /mypage/reg_data 304 - - 14.162 ms
GET /mypage/data_list 304 - - 32.941 ms
GET /mypage/editdata_list 302 66 - 6.095 ms
GET /user/login 200 2582 - 11.537 ms
POST /user/login 302 86 - 116.149 ms
GET /mypage/editdata_list 200 11259 - 38.367 ms
GET /mypage/reg_svr 304 - - 36.967 ms
GET /mypage/svr_list 304 - - 54.545 ms
GET /mypage/editdata_list 302 66 - 3.278 ms
GET /user/login 200 2582 - 3.272 ms
POST /user/login 302 86 - 106.892 ms
GET /mypage/editdata_list 200 11259 - 49.919 ms
GET /mypage/editdata_list 302 66 - 2.038 ms
GET /user/login 200 2582 - 3.452 ms
POST /user/login 302 86 - 100.941 ms
GET /mypage/editdata_list 200 11259 - 269.848 ms
GET /mypage/reg_data 304 - - 35.027 ms
GET /mypage/data_list 304 - - 45.854 ms
GET /mypage/editdata_list 302 66 - 2.012 ms
GET /user/login 200 2582 - 3.329 ms
POST /user/login 302 86 - 134.329 ms
GET /mypage/editdata_list 200 11259 - 38.476 ms
GET /mypage/editdata_list 304 - - 33.188 ms
GET /mypage/editdata_list 302 66 - 3.422 ms
GET /user/login 200 2582 - 4.689 ms
POST /user/login 302 86 - 112.808 ms
GET /mypage/editdata_list 200 11259 - 86.272 ms
GET /mypage/reg_data 302 33 - 2.923 ms
GET /user/login 200 2582 - 5.496 ms
GET /mypage/data_list 302 33 - 1.284 ms
GET /user/login 304 - - 1.584 ms
POST /user/login 302 78 - 165.376 ms
GET /mypage/data_list 200 3110 - 84.310 ms
GET /main 304 - - 3.096 ms
POST /user/login 302 78 - 129.145 ms
GET /mypage/data_list 304 - - 23.440 ms
GET /main 304 - - 2.072 ms
GET /testbed 200 4676 - 29.139 ms
GET /main 304 - - 1.545 ms
GET /mypage/editdata_list 304 - - 31.701 ms
GET /mypage/reg_data 200 662 - 12.624 ms
GET /mypage/data_list 304 - - 28.455 ms
GET /mypage/reg_svr 302 33 - 3.447 ms
GET /user/login 200 2582 - 4.095 ms
GET /mypage/svr_list 302 33 - 1.168 ms
GET /user/login 304 - - 1.265 ms
GET /main 200 7377 - 3.847 ms
GET /user/login 304 - - 0.955 ms
POST /user/login 302 76 - 172.260 ms
GET /mypage/svr_list 200 338 - 89.953 ms
GET /main 304 - - 6.223 ms
GET /user/login 200 2582 - 1.381 ms
POST /user/login 302 54 - 161.426 ms
GET /main 200 8376 - 7.389 ms
GET /mypage/editdata_list 304 - - 47.355 ms
GET /mypage/reg_data 304 - - 32.540 ms
GET /mypage/data_list 304 - - 14.683 ms
GET /mypage/reg_svr 302 33 - 2.044 ms
GET /user/login 200 2582 - 3.767 ms
GET /main 200 7377 - 6.068 ms
GET /user/login 304 - - 1.220 ms
POST /user/login 302 54 - 103.294 ms
GET /main 200 8376 - 2.321 ms
GET /mypage/editdata_list 304 - - 30.920 ms
GET /mypage/reg_data 304 - - 12.796 ms
GET /mypage/data_list 304 - - 14.918 ms
GET /mypage/reg_svr 200 574 - 13.190 ms
GET /mypage/svr_list 304 - - 15.395 ms
GET /mypage/reg_svr 304 - - 13.042 ms
GET /mypage/svr_list 304 - - 24.906 ms
GET /mypage/reg_svr 304 - - 39.635 ms
GET /mypage/svr_list 304 - - 14.419 ms
GET /mypage/editdata_list 304 - - 62.968 ms
GET /mypage/reg_data 304 - - 15.491 ms
GET /mypage/data_list 304 - - 14.637 ms
GET /mypage/reg_svr 304 - - 24.540 ms
GET /mypage/svr_list 304 - - 21.056 ms
GET /mypage/editinte 304 - - 42.191 ms
GET /mypage/data_list 304 - - 8.739 ms
GET /mypage/editinte 302 66 - 3.096 ms
GET /user/login 200 2582 - 4.308 ms
POST /user/login 302 76 - 96.745 ms
GET /mypage/editinte 200 4794 - 35.793 ms
GET /mypage/data_list 200 2 - 6.786 ms
GET /mypage/reg_svr_list 304 - - 34.896 ms
GET /mypage/svr_list 200 2 - 8.090 ms
GET /mypage/editdata_list 200 11320 - 41.855 ms
GET /mypage/reg_data 304 - - 14.674 ms
GET /mypage/data_list 304 - - 26.127 ms
GET /mypage/reg_svr 304 - - 23.405 ms
GET /mypage/svr_list 304 - - 16.037 ms
GET /mypage/reg_isv 200 588 - 19.308 ms
GET /mypage/svr_list 304 - - 14.492 ms
GET /mypage/reg_isv 304 - - 19.037 ms
GET /mypage/svr_list 304 - - 18.613 ms
GET /mypage/reg_isv 304 - - 28.619 ms
GET /mypage/svr_list 304 - - 17.895 ms
GET /mypage/reg_isv 304 - - 14.124 ms
GET /mypage/svr_list 304 - - 15.368 ms
GET /mypage/editdata_list 304 - - 39.190 ms
GET /mypage/editdata_list 200 11323 - 34.327 ms
GET /mypage/editdata_list 304 - - 35.346 ms
GET /mypage/editdata_list 304 - - 35.600 ms
GET /mypage/reg_isv 304 - - 20.428 ms
GET /mypage/isv_list 200 13 - 50.066 ms
GET /mypage/reg_svr 302 33 - 1.953 ms
GET /user/login 200 2582 - 6.808 ms
GET /mypage/editinte 302 66 - 3.580 ms
GET /user/login 200 2582 - 11.111 ms
POST /user/login 302 76 - 101.496 ms
GET /mypage/editinte 200 4794 - 52.636 ms
GET /mypage/data_list 304 - - 8.009 ms
GET /mypage/editinte 304 - - 33.917 ms
GET /mypage/data_list 304 - - 8.442 ms
GET /main 304 - - 8.601 ms
GET /mypage/editdata_list 304 - - 36.877 ms
GET /mypage/reg_svc 304 - - 27.038 ms
GET /mypage/svc_list 200 2 - 14.765 ms
GET /mypage/reg_data 304 - - 46.224 ms
GET /mypage/data_list 304 - - 14.336 ms
GET /mypage/reg_svr 200 574 - 18.311 ms
GET /mypage/svr_list 304 - - 17.016 ms
GET /mypage/reg_svr 304 - - 15.714 ms
GET /mypage/svr_list 304 - - 15.548 ms
GET /mypage/reg_svc 304 - - 57.069 ms
GET /mypage/svc_list 304 - - 16.100 ms
GET /mypage/reg_svc 304 - - 14.244 ms
GET /mypage/svc_list 304 - - 8.673 ms
GET /mypage/reg_svc 304 - - 10.769 ms
GET /mypage/svc_list 304 - - 37.563 ms
GET /mypage/reg_svc 304 - - 17.192 ms
GET /mypage/svc_list 304 - - 11.949 ms
GET /mypage/reg_isv 304 - - 24.629 ms
GET /mypage/isv_list 200 13 - 37.452 ms
GET /mypage/dashboard 404 84 - 2.643 ms
GET /mypage/reg_svc 304 - - 19.230 ms
GET /mypage/svc_list 304 - - 13.630 ms
GET /mypage/reg_svc 304 - - 14.277 ms
GET /mypage/svc_list 304 - - 17.114 ms
GET /mypage/reg_svc 304 - - 16.057 ms
GET /mypage/svc_list 304 - - 14.582 ms
GET /mypage/reg_data 304 - - 14.374 ms
GET /mypage/data_list 304 - - 14.536 ms
GET /mypage/reg_svr 304 - - 15.769 ms
GET /mypage/svr_list 304 - - 16.172 ms
GET /mypage/reg_svc 304 - - 16.518 ms
GET /mypage/svc_list 304 - - 13.131 ms
GET /mypage/editdata_list 304 - - 37.524 ms
GET /mypage/reg_svc 304 - - 19.293 ms
GET /mypage/svc_list 304 - - 16.835 ms
GET /main 304 - - 2.537 ms
GET /mypage/editdata_list 304 - - 40.414 ms
GET /mypage/reg_data 304 - - 14.527 ms
GET /mypage/data_list 304 - - 13.810 ms
GET /mypage/reg_svr 304 - - 16.046 ms
GET /mypage/svr_list 304 - - 31.376 ms
GET /mypage/editdata_list 302 66 - 2.083 ms
GET /user/login 200 2582 - 3.530 ms
POST /user/login 302 86 - 94.422 ms
GET /mypage/editdata_list 200 11323 - 35.115 ms
GET /mypage/reg_svc 304 - - 16.896 ms
GET /mypage/svc_list 304 - - 15.210 ms
GET /mypage/reg_data 304 - - 17.491 ms
GET /mypage/data_list 304 - - 12.878 ms
GET /mypage/editdata_list 302 66 - 2.478 ms
GET /user/login 200 2582 - 3.979 ms
POST /user/login 302 86 - 99.757 ms
GET /mypage/editdata_list 200 11323 - 36.859 ms
GET /mypage/reg_svc 304 - - 14.308 ms
GET /mypage/svc_list 304 - - 18.709 ms
GET /mypage/reg_data 304 - - 14.291 ms
GET /mypage/data_list 304 - - 12.754 ms
GET /mypage/reg_svr 304 - - 19.365 ms
GET /mypage/svr_list 304 - - 13.304 ms
GET /mypage/reg_svc 304 - - 17.142 ms
GET /mypage/svc_list 304 - - 16.576 ms
GET /mypage/editdata_list 302 66 - 2.984 ms
GET /user/login 200 2582 - 3.300 ms
POST /user/login 302 86 - 89.467 ms
GET /mypage/editdata_list 200 11323 - 39.851 ms
GET /mypage/reg_svc 304 - - 14.694 ms
GET /mypage/svc_list 304 - - 16.413 ms
GET /mypage/reg_isv 304 - - 17.219 ms
GET /mypage/isv_list 304 - - 47.903 ms
GET /mypage/editdata_list 302 66 - 2.947 ms
GET /user/login 200 2582 - 3.791 ms
POST /user/login 302 86 - 93.975 ms
GET /mypage/editdata_list 200 11323 - 42.190 ms
GET /mypage/reg_isv 304 - - 16.396 ms
GET /mypage/isv_list 304 - - 36.299 ms
GET /mypage/editdata_list 302 66 - 2.147 ms
GET /user/login 200 2582 - 3.676 ms
POST /user/login 302 86 - 92.661 ms
GET /mypage/editdata_list 200 11323 - 36.038 ms
GET /mypage/reg_isv 304 - - 12.342 ms
GET /mypage/isv_list 304 - - 37.875 ms
GET /mypage/editdata_list 302 66 - 2.512 ms
GET /user/login 200 2582 - 5.094 ms
POST /user/login 302 86 - 97.742 ms
GET /mypage/editdata_list 200 11323 - 37.110 ms
GET /mypage/reg_isv 304 - - 17.664 ms
GET /mypage/isv_list 304 - - 33.564 ms
GET /mypage/editdata_list 302 66 - 2.392 ms
GET /user/login 200 2582 - 5.104 ms
POST /user/login 302 86 - 93.769 ms
GET /mypage/editdata_list 200 11323 - 43.602 ms
GET /mypage/reg_isv 304 - - 16.872 ms
GET /mypage/editdata_list 302 66 - 2.679 ms
GET /user/login 200 2582 - 3.880 ms
POST /user/login 302 86 - 93.948 ms
GET /mypage/editdata_list 200 11323 - 41.630 ms
GET /mypage/reg_isv 304 - - 17.726 ms
GET /mypage/editdata_list 302 66 - 2.398 ms
GET /user/login 200 2582 - 7.485 ms
POST /user/login 302 86 - 93.073 ms
GET /mypage/editdata_list 200 11323 - 34.259 ms
GET /mypage/reg_isv 304 - - 22.771 ms
GET /mypage/isv_list 200 84 - 35.750 ms
GET /mypage/editdata_list 302 66 - 2.547 ms
GET /user/login 200 2582 - 3.926 ms
POST /user/login 302 86 - 99.246 ms
GET /mypage/editdata_list 200 11323 - 45.164 ms
GET /mypage/reg_isv 304 - - 19.295 ms
GET /mypage/isv_list 304 - - 41.603 ms
GET /mypage/editdata_list 302 66 - 2.201 ms
GET /user/login 200 2582 - 4.372 ms
POST /user/login 200 113 - 77.078 ms
GET /user/login 200 2582 - 1.366 ms
POST /user/login 302 86 - 95.408 ms
GET /mypage/editdata_list 200 11323 - 32.758 ms
GET /mypage/reg_isv 304 - - 14.588 ms
GET /mypage/isv_list 304 - - 39.325 ms
GET /mypage/editdata_list 302 66 - 2.188 ms
GET /user/login 200 2582 - 3.619 ms
POST /user/login 302 86 - 87.954 ms
GET /mypage/editdata_list 200 11323 - 35.590 ms
GET /mypage/reg_isv 304 - - 13.249 ms
GET /mypage/isv_list 200 257 - 33.806 ms
GET /mypage/editdata_list 302 66 - 2.232 ms
GET /user/login 200 2582 - 3.632 ms
POST /user/login 302 86 - 126.725 ms
GET /mypage/editdata_list 200 11323 - 35.987 ms
GET /mypage/reg_isv 304 - - 14.629 ms
GET /mypage/editdata_list 302 66 - 4.449 ms
GET /user/login 200 2582 - 6.512 ms
POST /user/login 302 86 - 102.877 ms
GET /mypage/editdata_list 200 11323 - 40.589 ms
GET /mypage/reg_isv 304 - - 14.170 ms
GET /mypage/isv_list 200 331 - 41.001 ms
GET /mypage/editdata_list 302 66 - 2.237 ms
GET /user/login 200 2582 - 4.807 ms
POST /user/login 302 86 - 105.926 ms
GET /mypage/editdata_list 200 11341 - 34.958 ms
GET /mypage/reg_isv 304 - - 21.045 ms
GET /mypage/isv_list 200 - - 21.612 ms
GET /mypage/editdata_list 302 66 - 3.019 ms
GET /user/login 200 2582 - 3.730 ms
POST /user/login 302 86 - 111.070 ms
GET /mypage/editdata_list 200 11341 - 48.392 ms
GET /mypage/reg_isv 304 - - 14.790 ms
GET /mypage/isv_list 200 480 - 14.972 ms
GET /mypage/reg_isv 304 - - 20.830 ms
GET /mypage/isv_list 304 - - 16.020 ms
GET /mypage/editdata_list 302 66 - 3.374 ms
GET /user/login 200 2582 - 3.717 ms
POST /user/login 302 86 - 177.120 ms
GET /mypage/editdata_list 200 11341 - 29.028 ms
GET /mypage/reg_data 304 - - 15.626 ms
GET /mypage/data_list 304 - - 14.506 ms
GET /mypage/reg_svr 304 - - 14.716 ms
GET /mypage/svr_list 304 - - 14.666 ms
GET /mypage/reg_isv 304 - - 12.968 ms
GET /mypage/isv_list 304 - - 8.315 ms
GET /mypage/reg_svc 302 33 - 2.072 ms
GET /user/login 200 2582 - 4.455 ms
GET /main 200 7377 - 8.627 ms
GET /user/login 304 - - 1.288 ms
POST /user/login 302 54 - 104.139 ms
GET /main 200 8376 - 2.003 ms
GET /mypage/editdata_list 304 - - 28.902 ms
GET /mypage/reg_svc 200 579 - 21.163 ms
GET /mypage/svc_list 200 344 - 18.003 ms
GET /mypage/reg_data 304 - - 20.180 ms
GET /mypage/data_list 304 - - 18.195 ms
GET /mypage/reg_data 304 - - 25.978 ms
GET /mypage/data_list 304 - - 14.909 ms
GET /mypage/reg_svr 304 - - 18.787 ms
GET /mypage/svr_list 304 - - 15.423 ms
GET /mypage/reg_svr 304 - - 23.130 ms
GET /mypage/svr_list 304 - - 22.821 ms
GET /mypage/reg_isv 304 - - 27.253 ms
GET /mypage/isv_list 304 - - 32.871 ms
GET /mypage/reg_isv 304 - - 18.726 ms
GET /mypage/isv_list 304 - - 18.125 ms
GET /mypage/reg_isv 304 - - 32.214 ms
GET /mypage/isv_list 304 - - 29.149 ms
GET /mypage/reg_isv 304 - - 16.271 ms
GET /mypage/isv_list 304 - - 12.935 ms
GET /mypage/reg_isv 304 - - 14.944 ms
GET /mypage/isv_list 304 - - 13.588 ms
GET /mypage/reg_isv 304 - - 12.040 ms
GET /mypage/isv_list 304 - - 9.258 ms
GET /mypage/reg_isv 304 - - 23.760 ms
GET /mypage/isv_list 304 - - 41.293 ms
GET /mypage/reg_isv 304 - - 12.388 ms
GET /mypage/isv_list 304 - - 10.045 ms
GET /mypage/reg_isv 304 - - 12.868 ms
GET /mypage/isv_list 304 - - 7.490 ms
GET /mypage/reg_svc 304 - - 14.660 ms
GET /mypage/svc_list 304 - - 15.661 ms
GET /mypage/reg_data 304 - - 19.471 ms
GET /mypage/data_list 304 - - 19.246 ms
GET /mypage/reg_data 304 - - 19.488 ms
GET /mypage/data_list 304 - - 15.261 ms
GET /mypage/reg_svr 304 - - 17.416 ms
GET /mypage/svr_list 304 - - 13.088 ms
GET /mypage/editdata_list 302 66 - 2.839 ms
GET /user/login 200 2582 - 4.265 ms
POST /user/login 302 86 - 109.093 ms
GET /mypage/editdata_list 200 11341 - 31.108 ms
GET /mypage/reg_svc 304 - - 14.023 ms
GET /mypage/svc_list 304 - - 14.293 ms
GET /mypage/reg_data 304 - - 17.822 ms
GET /mypage/data_list 200 4030 - 14.402 ms
GET /mypage/reg_svr 304 - - 16.061 ms
GET /mypage/svr_list 200 461 - 13.851 ms
GET /mypage/reg_isv 304 - - 16.162 ms
GET /mypage/isv_list 304 - - 22.887 ms
GET /mypage/reg_isv 304 - - 18.578 ms
GET /mypage/isv_list 304 - - 21.539 ms
GET /mypage/reg_svr 304 - - 235.949 ms
GET /mypage/svr_list 304 - - 15.799 ms
GET /mypage/reg_isv 304 - - 21.101 ms
GET /mypage/isv_list 304 - - 15.778 ms
GET /mypage/editdata_list 200 11291 - 31.297 ms
GET /mypage/reg_isv 304 - - 14.107 ms
GET /mypage/isv_list 304 - - 19.630 ms
GET /mypage/reg_svr 304 - - 20.367 ms
GET /mypage/svr_list 304 - - 14.678 ms
GET /mypage/reg_isv 304 - - 20.377 ms
GET /mypage/isv_list 304 - - 17.441 ms
GET /mypage/reg_svr 304 - - 18.784 ms
GET /mypage/svr_list 304 - - 21.665 ms
GET /mypage/reg_isv 304 - - 17.150 ms
GET /mypage/isv_list 304 - - 15.450 ms
GET /mypage/editdata_list 302 66 - 4.780 ms
GET /user/login 200 2582 - 6.411 ms
POST /user/login 302 86 - 276.435 ms
GET /mypage/editdata_list 200 11291 - 47.179 ms
GET /mypage/reg_isv 304 - - 20.303 ms
GET /mypage/isv_list 200 - - 29.875 ms
GET /mypage/reg_svc 304 - - 14.843 ms
GET /mypage/svc_list 200 1207 - 15.269 ms
GET /mypage/reg_isv 304 - - 31.925 ms
GET /mypage/isv_list 200 - - 18.719 ms
GET /mypage/reg_isv 304 - - 18.704 ms
GET /mypage/isv_list 200 - - 19.441 ms
GET /mypage/reg_isv 304 - - 11.333 ms
GET /mypage/isv_list 200 - - 24.991 ms
GET /mypage/editdata_list 302 66 - 2.284 ms
GET /user/login 200 2582 - 3.764 ms
POST /user/login 302 86 - 94.591 ms
GET /mypage/editdata_list 200 11291 - 38.749 ms
GET /mypage/reg_isv 304 - - 15.911 ms
GET /mypage/isv_list 200 - - 23.048 ms
GET /mypage/editdata_list 302 66 - 2.204 ms
GET /user/login 200 2582 - 4.700 ms
POST /user/login 302 86 - 122.877 ms
GET /mypage/editdata_list 200 11291 - 54.014 ms
GET /mypage/reg_isv 304 - - 34.948 ms
GET /mypage/isv_list 200 119 - 31.787 ms
GET /mypage/editdata_list 302 66 - 2.437 ms
GET /user/login 200 2582 - 3.964 ms
POST /user/login 302 86 - 166.851 ms
GET /mypage/editdata_list 200 11291 - 70.687 ms
GET /mypage/reg_data 304 - - 18.098 ms
GET /mypage/data_list 200 4422 - 41.048 ms
GET /mypage/reg_svc 304 - - 22.287 ms
GET /mypage/svc_list 200 1789 - 36.849 ms
GET /mypage/reg_data 304 - - 29.095 ms
GET /mypage/data_list 304 - - 35.147 ms
GET /mypage/reg_svr 304 - - 26.688 ms
GET /mypage/svr_list 200 1117 - 25.313 ms
GET /mypage/reg_isv 304 - - 22.836 ms
GET /mypage/isv_list 304 - - 31.495 ms
GET /mypage/reg_svr 304 - - 21.160 ms
GET /mypage/svr_list 304 - - 21.971 ms
GET /mypage/reg_isv 304 - - 39.184 ms
GET /mypage/isv_list 304 - - 27.577 ms
GET /mypage/reg_isv 304 - - 42.919 ms
GET /mypage/reg_svc 304 - - 17.885 ms
GET /mypage/svc_list 304 - - 22.770 ms
GET /mypage/reg_svc 304 - - 22.864 ms
GET /mypage/reg_data 304 - - 31.985 ms
GET /mypage/data_list 304 - - 43.399 ms
GET /mypage/editdata 200 9924 - 69.447 ms
GET /mypage/reg_svr 304 - - 25.226 ms
GET /mypage/svr_list 200 1241 - 30.188 ms
GET /mypage/reg_svr 304 - - 41.691 ms
GET /mypage/reg_isv 304 - - 23.706 ms
GET /mypage/isv_list 304 - - 21.611 ms
GET /mypage/reg_data 304 - - 24.701 ms
GET /mypage/data_list 304 - - 27.254 ms
GET /mypage/editdata 304 - - 65.513 ms
GET /mypage/reg_svc_list 200 4662 - 59.973 ms
GET /mypage/svc_list 304 - - 10.332 ms
GET /mypage/reg_isv 304 - - 19.375 ms
GET /mypage/isv_list 304 - - 22.172 ms
GET /mypage/editdata_list 304 - - 54.100 ms
GET /mypage/reg_isv 200 590 - 30.805 ms
GET /mypage/isv_list 304 - - 25.295 ms
GET /mypage/editdata_list 304 - - 38.796 ms
GET /mypage/reg_isv 200 633 - 17.961 ms
GET /mypage/isv_list 304 - - 17.853 ms
GET /mypage/editdata_list 304 - - 48.541 ms
GET /mypage/reg_isv 200 680 - 32.244 ms
GET /mypage/isv_list 304 - - 18.454 ms
GET /mypage/editdata_list 200 11357 - 62.607 ms
GET /mypage/reg_isv 200 606 - 30.950 ms
GET /mypage/isv_list 304 - - 32.660 ms
GET /mypage/editdata_list 304 - - 54.758 ms
GET /mypage/reg_isv 304 - - 18.977 ms
GET /mypage/isv_list 304 - - 23.539 ms
GET /mypage/editdata_list 200 11363 - 49.345 ms
GET /mypage/reg_isv 304 - - 700.351 ms
GET /mypage/isv_list 304 - - 21.569 ms
GET /mypage/editdata_list 200 11381 - 42.123 ms
GET /mypage/reg_isv 200 588 - 22.397 ms
GET /mypage/isv_list 304 - - 19.069 ms
GET /mypage/editdata_list 304 - - 28.842 ms
GET /mypage/reg_isv 200 597 - 13.992 ms
GET /mypage/isv_list 304 - - 14.395 ms
GET /mypage/reg_svc 304 - - 14.331 ms
GET /mypage/svc_list 200 2078 - 14.063 ms
GET /mypage/reg_isv 304 - - 16.705 ms
GET /mypage/isv_list 304 - - 13.195 ms
